<?xml version='1.0' encoding='utf-8'?>
<testsuites name="cocotb tests"><testsuite name="test_ca_cfar" errors="0" failures="0" skipped="0" tests="1" time="0.018" timestamp="2026-09-03T18:33:58.482623+00:00" hostname="xnorgate"><testcase classname="test_ca_cfar" name="test_cfar" time="0.018"><properties><property name="cocotb" value="True" /><property name="random_seed" value="1788460438" /><property name="file" value="/home/isaigm/cfar/tb/test_ca_cfar.py" /><property name="line" value="39" /><property name="sim_time_unit" value="ns" /><property name="sim_time_start" value="0.0" /><property name="sim_time_stop" value="4055.0" /><property name="sim_time_duration" value="4055.0" /><property name="sim_time_ratio" value="230029.2230737416" /></properties></testcase></testsuite></testsuites>